<?xml version="1.0" encoding="UTF-8"?>
<!-- Generated by org.testng.reporters.JUnitReportReporter -->
<testsuite hostname="DESKTOP-0I8AHN0" failures="0" tests="4" name="com.juaracoding.pageobject.step_definitions.TestRunnerOne" time="173.826" errors="0" timestamp="2022-09-02T16:44:46 WIB" skipped="0">
  <testcase classname="com.juaracoding.pageobject.step_definitions.TestRunnerOne" name="runScenario" time="54.750"/>
  <system-out/>
  <testcase classname="com.juaracoding.pageobject.step_definitions.TestRunnerOne" name="runScenario" time="20.983"/>
  <system-out/>
  <testcase classname="com.juaracoding.pageobject.step_definitions.TestRunnerOne" name="runScenario" time="36.453"/>
  <system-out/>
  <testcase classname="com.juaracoding.pageobject.step_definitions.TestRunnerOne" name="runScenario" time="61.640"/>
  <system-out/>
</testsuite> <!-- com.juaracoding.pageobject.step_definitions.TestRunnerOne -->
